cl : 命令行  warning D9035: “Gm”选项已否决，并将在将来的版本中移除
  sDlg.cpp
D:\git\sdlpal_edit\s\ctestdata.h(125,10): warning C4267: “初始化”: 从“size_t”转换到“int”，可能丢失数据
  (编译源文件“s/sDlg.cpp”)
  
D:\git\sdlpal_edit\s\sDlg.cpp(830,14): warning C4267: “初始化”: 从“size_t”转换到“DWORD”，可能丢失数据
D:\git\sdlpal_edit\s\sDlg.cpp(1364,14): warning C4267: “初始化”: 从“size_t”转换到“int”，可能丢失数据
D:\git\sdlpal_edit\s\sDlg.cpp(1391,20): warning C4267: “初始化”: 从“size_t”转换到“int”，可能丢失数据
D:\git\sdlpal_edit\s\sDlg.cpp(1420,11): warning C4267: “初始化”: 从“size_t”转换到“int”，可能丢失数据
D:\git\sdlpal_edit\s\sDlg.cpp(2752,24): warning C4838: 从“double”转换到“LONG”需要收缩转换
D:\git\sdlpal_edit\s\sDlg.cpp(2752,39): warning C4838: 从“double”转换到“LONG”需要收缩转换
D:\git\sdlpal_edit\s\sDlg.cpp(3256,36): warning C4267: “参数”: 从“size_t”转换到“int”，可能丢失数据
D:\git\sdlpal_edit\s\sDlg.cpp(3534,47): warning C4267: “参数”: 从“size_t”转换到“int”，可能丢失数据
D:\git\sdlpal_edit\s\sDlg.cpp(3618,36): warning C4267: “参数”: 从“size_t”转换到“int”，可能丢失数据
D:\git\sdlpal_edit\s\sDlg.cpp(3675,36): warning C4267: “参数”: 从“size_t”转换到“int”，可能丢失数据
  s.cpp
  cScriptCaller.cpp
  cMap_Dlg.cpp
D:\git\sdlpal_edit\s\CTestData.h(125,10): warning C4267: “初始化”: 从“size_t”转换到“int”，可能丢失数据
  (编译源文件“s/cMap_Dlg.cpp”)
  
D:\git\sdlpal_edit\s\cMap_Dlg.cpp(195,73): warning C4838: 从“DOUBLE”转换到“LONG”需要收缩转换
D:\git\sdlpal_edit\s\cMap_Dlg.cpp(196,38): warning C4838: 从“DOUBLE”转换到“LONG”需要收缩转换
  PackedPict_Dlg.cpp
D:\git\sdlpal_edit\s\PackedPict_Dlg.cpp(218,50): warning C4267: “参数”: 从“size_t”转换到“int”，可能丢失数据
D:\git\sdlpal_edit\s\PackedPict_Dlg.cpp(232,40): warning C4267: “参数”: 从“size_t”转换到“int”，可能丢失数据
D:\git\sdlpal_edit\s\PackedPict_Dlg.cpp(302,71): warning C4838: 从“DOUBLE”转换到“LONG”需要收缩转换
D:\git\sdlpal_edit\s\PackedPict_Dlg.cpp(303,37): warning C4838: 从“DOUBLE”转换到“LONG”需要收缩转换
D:\git\sdlpal_edit\s\PackedPict_Dlg.cpp(493,49): warning C4267: “参数”: 从“size_t”转换到“UINT32”，可能丢失数据
D:\git\sdlpal_edit\s\PackedPict_Dlg.cpp(517,50): warning C4267: “参数”: 从“size_t”转换到“UINT32”，可能丢失数据
D:\git\sdlpal_edit\s\PackedPict_Dlg.cpp(608,54): warning C4267: “参数”: 从“size_t”转换到“UINT32”，可能丢失数据
  NoPackedPict_Dlg.cpp
D:\git\sdlpal_edit\s\NoPackedPict_Dlg.cpp(178,50): warning C4267: “参数”: 从“size_t”转换到“int”，可能丢失数据
D:\git\sdlpal_edit\s\NoPackedPict_Dlg.cpp(192,40): warning C4267: “参数”: 从“size_t”转换到“int”，可能丢失数据
D:\git\sdlpal_edit\s\NoPackedPict_Dlg.cpp(331,31): warning C4838: 从“DOUBLE”转换到“LONG”需要收缩转换
D:\git\sdlpal_edit\s\NoPackedPict_Dlg.cpp(331,56): warning C4838: 从“DOUBLE”转换到“LONG”需要收缩转换
  MapPict_Dlg.cpp
D:\git\sdlpal_edit\s\MapPict_Dlg.cpp(275,54): warning C4267: “参数”: 从“size_t”转换到“int”，可能丢失数据
D:\git\sdlpal_edit\s\MapPict_Dlg.cpp(280,54): warning C4267: “参数”: 从“size_t”转换到“int”，可能丢失数据
D:\git\sdlpal_edit\s\MapPict_Dlg.cpp(295,49): warning C4267: “参数”: 从“size_t”转换到“int”，可能丢失数据
D:\git\sdlpal_edit\s\MapPict_Dlg.cpp(300,49): warning C4267: “参数”: 从“size_t”转换到“int”，可能丢失数据
  CsListCtrl.cpp
  CsDataGrid.cpp
D:\git\sdlpal_edit\s\CsDataGrid.cpp(655,39): warning C4267: “=”: 从“size_t”转换到“int”，可能丢失数据
D:\git\sdlpal_edit\s\CsDataGrid.cpp(720,33): warning C4267: “参数”: 从“size_t”转换到“int”，可能丢失数据
D:\git\sdlpal_edit\s\CsDataGrid.cpp(840,34): warning C4267: “参数”: 从“size_t”转换到“int”，可能丢失数据
  CPalMapEdit.cpp
D:\git\sdlpal_edit\s\CPalMapEdit.cpp(257,23): warning C4267: “return”: 从“size_t”转换到“DWORD”，可能丢失数据
  CListScriptEntry.cpp
  CGetPalData.cpp
D:\git\sdlpal_edit\s\CTestData.h(125,10): warning C4267: “初始化”: 从“size_t”转换到“int”，可能丢失数据
  (编译源文件“s/CGetPalData.cpp”)
  
  CDeployOnTheMap.cpp
D:\git\sdlpal_edit\s\CDeployOnTheMap.cpp(369,23): warning C4267: “return”: 从“size_t”转换到“DWORD”，可能丢失数据
  midiplay.cpp
D:\git\sdlpal_edit\main\midiplay.cpp(605,50): warning C4311: “类型强制转换”: 从“MIDIHDR *”到“unsigned long”的指针截断
D:\git\sdlpal_edit\main\midiplay.cpp(605,50): warning C4302: “类型强制转换”: 从“MIDIHDR *”到“unsigned long”截断
D:\git\sdlpal_edit\main\midiplay.cpp(609,50): warning C4311: “类型强制转换”: 从“MIDIHDR *”到“unsigned long”的指针截断
D:\git\sdlpal_edit\main\midiplay.cpp(609,50): warning C4302: “类型强制转换”: 从“MIDIHDR *”到“unsigned long”截断
D:\git\sdlpal_edit\main\midiplay.cpp(623,3): warning C4311: “类型强制转换”: 从“void (__cdecl *)(HMIDIIN,UINT,unsigned long,unsigned long,unsigned long)”到“unsigned long”的指针截断
D:\git\sdlpal_edit\main\midiplay.cpp(623,3): warning C4302: “类型强制转换”: 从“void (__cdecl *)(HMIDIIN,UINT,unsigned long,unsigned long,unsigned long)”到“unsigned long”截断
  cuibattle.cpp
  csound.cpp
  cscript.cpp
  cscene.cpp
  cres.cpp
  cplayer.cpp
  正在生成代码...
  正在编译...
  cpalui.cpp
  cpalevent.cpp
  cpalbaseio.cpp
D:\git\sdlpal_edit\main\cpalbaseio.cpp(158,47): warning C4838: 从“UINT”转换到“int”需要收缩转换
D:\git\sdlpal_edit\main\cpalbaseio.cpp(158,55): warning C4838: 从“UINT”转换到“int”需要收缩转换
  cpalapp.cpp
  cmp3play.cpp
  cmenu.cpp
  cmap.cpp
  cgl_texture.cpp
  cgl_render.cpp
D:\git\sdlpal_edit\main\cgl_render.cpp(1003,21): warning C4267: “参数”: 从“size_t”转换到“int”，可能丢失数据
D:\git\sdlpal_edit\main\cgl_render.cpp(1014,35): warning C4267: “参数”: 从“size_t”转换到“int”，可能丢失数据
D:\git\sdlpal_edit\main\cgl_render.cpp(1014,31): warning C4267: “参数”: 从“size_t”转换到“int”，可能丢失数据
D:\git\sdlpal_edit\main\cgl_render.cpp(1019,30): warning C4267: “参数”: 从“size_t”转换到“int”，可能丢失数据
D:\git\sdlpal_edit\main\cgl_render.cpp(1048,27): warning C4838: 从“int”转换到“WCHAR”需要收缩转换
D:\git\sdlpal_edit\main\cgl_render.cpp(1052,31): warning C4267: “参数”: 从“size_t”转换到“int”，可能丢失数据
C:\Program Files\Microsoft Visual Studio\2022\Community\VC\Tools\MSVC\14.38.33130\include\utility(250,54): warning C4267: “初始化”: 从“size_t”转换到“_Ty2”，可能丢失数据
C:\Program Files\Microsoft Visual Studio\2022\Community\VC\Tools\MSVC\14.38.33130\include\utility(250,54): warning C4267:         with
C:\Program Files\Microsoft Visual Studio\2022\Community\VC\Tools\MSVC\14.38.33130\include\utility(250,54): warning C4267:         [
C:\Program Files\Microsoft Visual Studio\2022\Community\VC\Tools\MSVC\14.38.33130\include\utility(250,54): warning C4267:             _Ty2=INT
C:\Program Files\Microsoft Visual Studio\2022\Community\VC\Tools\MSVC\14.38.33130\include\utility(250,54): warning C4267:         ]
  (编译源文件“main/cgl_render.cpp”)
  C:\Program Files\Microsoft Visual Studio\2022\Community\VC\Tools\MSVC\14.38.33130\include\utility(250,54):
  模板实例化上下文(最早的实例化上下文)为
  	D:\git\sdlpal_edit\main\cgl_render.cpp(980,44):
  	查看对正在编译的函数 模板 实例化“std::pair<WCHAR,INT>::pair<WCHAR&,unsigned __int64,0>(_Other1,_Other2 &&) noexcept”的引用
          with
          [
              _Other1=WCHAR &,
              _Other2=unsigned __int64
          ]
  		D:\git\sdlpal_edit\main\cgl_render.cpp(980,27):
  		请参阅 "GL_Render::FontInit" 中对 "std::pair<WCHAR,INT>::pair" 的第一个引用
  
  cgameui.cpp
  cfight.cpp
  cenemy.cpp
  cbattlebase.cpp
  cbattle.cpp
  caviplay.cpp
  CPalMain.cpp
  CConfig.cpp
  正在生成代码...
  正在跳过...(未检测到相关更改)
  csdlscreen.cpp
  sdlpal_edit.vcxproj -> D:\git\sdlpal_edit\x64\Debug\sdlpal_edit.exe
  'pwsh.exe' is not recognized as an internal or external command,
  operable program or batch file.
