cl : 命令行  warning D9035: “Gm”选项已否决，并将在将来的版本中移除
  native_midi_common.c
  timer.c
  synth.c
  stream.c
  resampler.c
  music_mad.c
  layer3.c
  layer12.c
  huffman.c
  frame.c
  fixed.c
  decoder.c
  bit.c
  nuked_opl.c
  glad.c
  正在生成代码...
cl : 命令行  warning D9035: “Gm”选项已否决，并将在将来的版本中移除
  stdafx.cpp
  sDlg.cpp
D:\git\sdlpal_edit\s\sDlg.cpp(2752,24): warning C4838: 从“double”转换到“LONG”需要收缩转换
D:\git\sdlpal_edit\s\sDlg.cpp(2752,39): warning C4838: 从“double”转换到“LONG”需要收缩转换
  s.cpp
  PackedPict_Dlg.cpp
D:\git\sdlpal_edit\s\PackedPict_Dlg.cpp(302,71): warning C4838: 从“DOUBLE”转换到“LONG”需要收缩转换
D:\git\sdlpal_edit\s\PackedPict_Dlg.cpp(303,37): warning C4838: 从“DOUBLE”转换到“LONG”需要收缩转换
  NoPackedPict_Dlg.cpp
D:\git\sdlpal_edit\s\NoPackedPict_Dlg.cpp(331,31): warning C4838: 从“DOUBLE”转换到“LONG”需要收缩转换
D:\git\sdlpal_edit\s\NoPackedPict_Dlg.cpp(331,56): warning C4838: 从“DOUBLE”转换到“LONG”需要收缩转换
  MapPict_Dlg.cpp
  TitleTip.cpp
  InPlaceEdit.cpp
  GridDropTarget.cpp
  GridCtrl.cpp
  GridCellBase.cpp
  GridCell.cpp
  CsTree.cpp
  CsListCtrl.cpp
  CsDataGrid.cpp
  cScriptCaller.cpp
  CPalMapEdit.cpp
  cMap_Dlg.cpp
D:\git\sdlpal_edit\s\cMap_Dlg.cpp(195,73): warning C4838: 从“DOUBLE”转换到“LONG”需要收缩转换
D:\git\sdlpal_edit\s\cMap_Dlg.cpp(196,38): warning C4838: 从“DOUBLE”转换到“LONG”需要收缩转换
  CMapList.cpp
  CListScriptEntry.cpp
  正在生成代码...
  正在编译...
  CGetPalData.cpp
  CGetLing.cpp
  CFileDir.cpp
  CDeployOnTheMap.cpp
  native_midi.cpp
  surroundopl.cpp
  rix.cpp
  player.cpp
  mame_opls.cpp
D:\git\sdlpal_edit\sound\adplug\mame\fmopl.cpp.h(537,22): warning C4018: “>=”: 有符号/无符号不匹配
  (编译源文件“sound/adplug/mame_opls.cpp”)
  
D:\git\sdlpal_edit\sound\adplug\mame\fmopl.cpp.h(1689,43): warning C4244: “=”: 从“double”转换到“uint32_t”，可能丢失数据
  (编译源文件“sound/adplug/mame_opls.cpp”)
  
D:\git\sdlpal_edit\sound\adplug\mame\fmopl.cpp.h(1692,44): warning C4244: “=”: 从“double”转换到“uint32_t”，可能丢失数据
  (编译源文件“sound/adplug/mame_opls.cpp”)
  
D:\git\sdlpal_edit\sound\adplug\mame\fmopl.cpp.h(1697,39): warning C4244: “=”: 从“double”转换到“uint32_t”，可能丢失数据
  (编译源文件“sound/adplug/mame_opls.cpp”)
  
D:\git\sdlpal_edit\sound\adplug\mame\fmopl.cpp.h(1699,30): warning C4244: “=”: 从“double”转换到“uint32_t”，可能丢失数据
  (编译源文件“sound/adplug/mame_opls.cpp”)
  
D:\git\sdlpal_edit\sound\adplug\mame\ymf262.cpp.h(784,22): warning C4018: “>=”: 有符号/无符号不匹配
  (编译源文件“sound/adplug/mame_opls.cpp”)
  
D:\git\sdlpal_edit\sound\adplug\mame\ymf262.cpp.h(1412,49): warning C4244: “=”: 从“double”转换到“uint32_t”，可能丢失数据
  (编译源文件“sound/adplug/mame_opls.cpp”)
  
D:\git\sdlpal_edit\sound\adplug\mame\ymf262.cpp.h(1415,50): warning C4244: “=”: 从“double”转换到“uint32_t”，可能丢失数据
  (编译源文件“sound/adplug/mame_opls.cpp”)
  
D:\git\sdlpal_edit\sound\adplug\mame\ymf262.cpp.h(1420,45): warning C4244: “=”: 从“double”转换到“uint32_t”，可能丢失数据
  (编译源文件“sound/adplug/mame_opls.cpp”)
  
D:\git\sdlpal_edit\sound\adplug\mame\ymf262.cpp.h(1422,36): warning C4244: “=”: 从“double”转换到“uint32_t”，可能丢失数据
  (编译源文件“sound/adplug/mame_opls.cpp”)
  
  fprovide.cpp
  emuopls.cpp
  dosbox_opls.cpp
  binio.cpp
  binfile.cpp
  yj_compress.cpp
  pal1.cpp
  midiplay.cpp
  cuibattle.cpp
  csound.cpp
  csdlscreen.cpp
  正在生成代码...
  正在编译...
  cscript.cpp
  cscene.cpp
  cres.cpp
  cplayer.cpp
  cpalui.cpp
  CPalMain.cpp
  cpalevent.cpp
  cpalbaseio.cpp
D:\git\sdlpal_edit\main\cpalbaseio.cpp(158,47): warning C4838: 从“UINT”转换到“int”需要收缩转换
D:\git\sdlpal_edit\main\cpalbaseio.cpp(158,55): warning C4838: 从“UINT”转换到“int”需要收缩转换
  cpalapp.cpp
  cmp3play.cpp
  cmenu.cpp
  cmap.cpp
  cgl_texture.cpp
  cgl_render.cpp
D:\git\sdlpal_edit\main\cgl_render.cpp(1048,27): warning C4838: 从“int”转换到“WCHAR”需要收缩转换
  cgameui.cpp
  cfight.cpp
  cenemy.cpp
  CConfig.cpp
  cbattlebase.cpp
  cbattle.cpp
  正在生成代码...
  正在编译...
  caviplay.cpp
  正在生成代码...
LINK : warning LNK4075: 忽略“/INCREMENTAL”(由于“/OPT:ICF”规范)
  sdlpal_edit.vcxproj -> D:\git\sdlpal_edit\Release\sdlpal_edit.exe
  'pwsh.exe' is not recognized as an internal or external command,
  operable program or batch file.
