d:\git\sdlpal_edit\debug\s\vc143.pdb
d:\git\sdlpal_edit\debug\s\vc143.idb
d:\git\sdlpal_edit\debug\s\nuked_opl.obj
d:\git\sdlpal_edit\debug\s\bit.obj
d:\git\sdlpal_edit\debug\s\decoder.obj
d:\git\sdlpal_edit\debug\s\fixed.obj
d:\git\sdlpal_edit\debug\s\frame.obj
d:\git\sdlpal_edit\debug\s\huffman.obj
d:\git\sdlpal_edit\debug\s\layer12.obj
d:\git\sdlpal_edit\debug\s\layer3.obj
d:\git\sdlpal_edit\debug\s\resampler.obj
d:\git\sdlpal_edit\debug\s\stream.obj
d:\git\sdlpal_edit\debug\s\synth.obj
d:\git\sdlpal_edit\debug\s\timer.obj
d:\git\sdlpal_edit\debug\s\glad.obj
d:\git\sdlpal_edit\debug\s\music_mad.obj
d:\git\sdlpal_edit\debug\s\native_midi_common.obj
d:\git\sdlpal_edit\debug\s\clistscriptentry.obj
d:\git\sdlpal_edit\debug\s\cmaplist.obj
d:\git\sdlpal_edit\debug\s\cmap_dlg.obj
d:\git\sdlpal_edit\debug\s\cpalmapedit.obj
d:\git\sdlpal_edit\debug\s\cscriptcaller.obj
d:\git\sdlpal_edit\debug\s\csdatagrid.obj
d:\git\sdlpal_edit\debug\s\cslistctrl.obj
d:\git\sdlpal_edit\debug\s\cstree.obj
d:\git\sdlpal_edit\debug\s\gridcell.obj
d:\git\sdlpal_edit\debug\s\gridcellbase.obj
d:\git\sdlpal_edit\debug\s\gridctrl.obj
d:\git\sdlpal_edit\debug\s\griddroptarget.obj
d:\git\sdlpal_edit\debug\s\inplaceedit.obj
d:\git\sdlpal_edit\debug\s\titletip.obj
d:\git\sdlpal_edit\debug\s\mappict_dlg.obj
d:\git\sdlpal_edit\debug\s\nopackedpict_dlg.obj
d:\git\sdlpal_edit\debug\s\packedpict_dlg.obj
d:\git\sdlpal_edit\debug\s\s.obj
d:\git\sdlpal_edit\debug\s\sdlg.obj
d:\git\sdlpal_edit\debug\s\stdafx.obj
d:\git\sdlpal_edit\debug\s\csdlscreen.obj
d:\git\sdlpal_edit\debug\s\csound.obj
d:\git\sdlpal_edit\debug\s\cuibattle.obj
d:\git\sdlpal_edit\debug\s\midiplay.obj
d:\git\sdlpal_edit\debug\s\pal1.obj
d:\git\sdlpal_edit\debug\s\yj_compress.obj
d:\git\sdlpal_edit\debug\s\binfile.obj
d:\git\sdlpal_edit\debug\s\binio.obj
d:\git\sdlpal_edit\debug\s\dosbox_opls.obj
d:\git\sdlpal_edit\debug\s\emuopls.obj
d:\git\sdlpal_edit\debug\s\fprovide.obj
d:\git\sdlpal_edit\debug\s\mame_opls.obj
d:\git\sdlpal_edit\debug\s\player.obj
d:\git\sdlpal_edit\debug\s\rix.obj
d:\git\sdlpal_edit\debug\s\surroundopl.obj
d:\git\sdlpal_edit\debug\s\native_midi.obj
d:\git\sdlpal_edit\debug\s\cdeployonthemap.obj
d:\git\sdlpal_edit\debug\s\cfiledir.obj
d:\git\sdlpal_edit\debug\s\cgetling.obj
d:\git\sdlpal_edit\debug\s\cgetpaldata.obj
d:\git\sdlpal_edit\debug\s\cbattle.obj
d:\git\sdlpal_edit\debug\s\cbattlebase.obj
d:\git\sdlpal_edit\debug\s\cconfig.obj
d:\git\sdlpal_edit\debug\s\cenemy.obj
d:\git\sdlpal_edit\debug\s\cfight.obj
d:\git\sdlpal_edit\debug\s\cgameui.obj
d:\git\sdlpal_edit\debug\s\cgl_render.obj
d:\git\sdlpal_edit\debug\s\cgl_texture.obj
d:\git\sdlpal_edit\debug\s\cmap.obj
d:\git\sdlpal_edit\debug\s\cmenu.obj
d:\git\sdlpal_edit\debug\s\cmp3play.obj
d:\git\sdlpal_edit\debug\s\cpalapp.obj
d:\git\sdlpal_edit\debug\s\cpalbaseio.obj
d:\git\sdlpal_edit\debug\s\cpalevent.obj
d:\git\sdlpal_edit\debug\s\cpalmain.obj
d:\git\sdlpal_edit\debug\s\cpalui.obj
d:\git\sdlpal_edit\debug\s\cplayer.obj
d:\git\sdlpal_edit\debug\s\cres.obj
d:\git\sdlpal_edit\debug\s\cscene.obj
d:\git\sdlpal_edit\debug\s\cscript.obj
d:\git\sdlpal_edit\debug\s\caviplay.obj
d:\git\sdlpal_edit\debug\s\s.res
d:\git\sdlpal_edit\debug\s\sdlpal_edit.tlog\cl.command.1.tlog
d:\git\sdlpal_edit\debug\s\sdlpal_edit.tlog\cl.read.1.tlog
d:\git\sdlpal_edit\debug\s\sdlpal_edit.tlog\cl.write.1.tlog
d:\git\sdlpal_edit\debug\s\sdlpal_edit.tlog\link.command.1.tlog
d:\git\sdlpal_edit\debug\s\sdlpal_edit.tlog\link.read.1.tlog
d:\git\sdlpal_edit\debug\s\sdlpal_edit.tlog\link.write.1.tlog
d:\git\sdlpal_edit\debug\s\sdlpal_edit.tlog\rc.command.1.tlog
d:\git\sdlpal_edit\debug\s\sdlpal_edit.tlog\rc.read.1.tlog
d:\git\sdlpal_edit\debug\s\sdlpal_edit.tlog\rc.write.1.tlog
